<?xml version="1.0" encoding="UTF-8"?>
<!-- Generated by org.testng.reporters.JUnitXMLReporter -->
<testsuite hostname="GauravA-LPTP" ignored="0" name="Enter Data in TextBox at HomePage Test" tests="4" failures="3" timestamp="05 May 2019 17:00:52 GMT" time="62.354" errors="0">
  <testcase name="enterDataInTextBoxATHomePage" time="34.141" classname="testcases.EnterDataInTextBoxHomePageTest">
    <failure type="org.openqa.selenium.NoSuchElementException" message="UiSelector[INSTANCE=0, RESOURCE_ID=io.selendroid.testapp:id/my_text_field] (WARNING: The server did not provide any stacktrace information)
Command duration or timeout: 25.29 seconds
For documentation on this error, please visit: http://seleniumhq.org/exceptions/no_such_element.html
Build info: version: &amp;apos;2.53.1&amp;apos;, revision: &amp;apos;a36b8b1cd5757287168e54b817830adce9b0158d&amp;apos;, time: &amp;apos;2016-06-30 19:26:09&amp;apos;
System info: host: &amp;apos;GauravA-LPTP&amp;apos;, ip: &amp;apos;192.168.48.2&amp;apos;, os.name: &amp;apos;Windows 10&amp;apos;, os.arch: &amp;apos;amd64&amp;apos;, os.version: &amp;apos;10.0&amp;apos;, java.version: &amp;apos;1.8.0_201&amp;apos;
Driver info: org.openqa.selenium.remote.RemoteWebDriver
Capabilities [{appPackage=io.selendroid.testapp, deviceScreenSize=720x1280, networkConnectionEnabled=true, warnings={}, databaseEnabled=false, deviceName=ZW222285ZK, platform=LINUX, deviceUDID=ZW222285ZK, appActivity=.HomeScreenActivity, desired={appPackage=io.selendroid.testapp, appActivity=.HomeScreenActivity, platformVersion=7.0, browserName=, platformName=Android, deviceName=ANDR_EMU}, platformVersion=7.0, webStorageEnabled=false, locationContextEnabled=false, takesScreenshot=true, browserName=, javascriptEnabled=true, deviceModel=Moto C Plus, platformName=Android, deviceManufacturer=motorola}]
Session ID: 4f998585-f048-41ad-893a-b86293009aa6">
      <![CDATA[org.openqa.selenium.NoSuchElementException: UiSelector[INSTANCE=0, RESOURCE_ID=io.selendroid.testapp:id/my_text_field] (WARNING: The server did not provide any stacktrace information)
Command duration or timeout: 25.29 seconds
For documentation on this error, please visit: http://seleniumhq.org/exceptions/no_such_element.html
Build info: version: '2.53.1', revision: 'a36b8b1cd5757287168e54b817830adce9b0158d', time: '2016-06-30 19:26:09'
System info: host: 'GauravA-LPTP', ip: '192.168.48.2', os.name: 'Windows 10', os.arch: 'amd64', os.version: '10.0', java.version: '1.8.0_201'
Driver info: org.openqa.selenium.remote.RemoteWebDriver
Capabilities [{appPackage=io.selendroid.testapp, deviceScreenSize=720x1280, networkConnectionEnabled=true, warnings={}, databaseEnabled=false, deviceName=ZW222285ZK, platform=LINUX, deviceUDID=ZW222285ZK, appActivity=.HomeScreenActivity, desired={appPackage=io.selendroid.testapp, appActivity=.HomeScreenActivity, platformVersion=7.0, browserName=, platformName=Android, deviceName=ANDR_EMU}, platformVersion=7.0, webStorageEnabled=false, locationContextEnabled=false, takesScreenshot=true, browserName=, javascriptEnabled=true, deviceModel=Moto C Plus, platformName=Android, deviceManufacturer=motorola}]
Session ID: 4f998585-f048-41ad-893a-b86293009aa6
at org.openqa.selenium.remote.ErrorHandler.createThrowable(ErrorHandler.java:206)
at org.openqa.selenium.remote.ErrorHandler.throwIfResponseFailed(ErrorHandler.java:158)
at org.openqa.selenium.remote.RemoteWebDriver.execute(RemoteWebDriver.java:678)
at org.openqa.selenium.remote.RemoteWebElement.execute(RemoteWebElement.java:327)
at org.openqa.selenium.remote.RemoteWebElement.sendKeys(RemoteWebElement.java:122)
at testcases.EnterDataInTextBoxHomePageTest.enterDataInTextBoxATHomePage(EnterDataInTextBoxHomePageTest.java:18)
... Removed 29 stack frames]]>
    </failure>
  </testcase> <!-- enterDataInTextBoxATHomePage -->
  <testcase name="enterDataInTextBoxATHomePage" time="5.638" classname="testcases.EnterDataInTextBoxHomePageTest">
    <failure type="org.openqa.selenium.NoSuchElementException" message="An element could not be located on the page using the given search parameters. (WARNING: The server did not provide any stacktrace information)
Command duration or timeout: 5.64 seconds
For documentation on this error, please visit: http://seleniumhq.org/exceptions/no_such_element.html
Build info: version: &amp;apos;2.53.1&amp;apos;, revision: &amp;apos;a36b8b1cd5757287168e54b817830adce9b0158d&amp;apos;, time: &amp;apos;2016-06-30 19:26:09&amp;apos;
System info: host: &amp;apos;GauravA-LPTP&amp;apos;, ip: &amp;apos;192.168.48.2&amp;apos;, os.name: &amp;apos;Windows 10&amp;apos;, os.arch: &amp;apos;amd64&amp;apos;, os.version: &amp;apos;10.0&amp;apos;, java.version: &amp;apos;1.8.0_201&amp;apos;
Driver info: org.openqa.selenium.remote.RemoteWebDriver
Capabilities [{appPackage=io.selendroid.testapp, deviceScreenSize=720x1280, networkConnectionEnabled=true, warnings={}, databaseEnabled=false, deviceName=ZW222285ZK, platform=LINUX, deviceUDID=ZW222285ZK, appActivity=.HomeScreenActivity, desired={appPackage=io.selendroid.testapp, appActivity=.HomeScreenActivity, platformVersion=7.0, browserName=, platformName=Android, deviceName=ANDR_EMU}, platformVersion=7.0, webStorageEnabled=false, locationContextEnabled=false, takesScreenshot=true, browserName=, javascriptEnabled=true, deviceModel=Moto C Plus, platformName=Android, deviceManufacturer=motorola}]
Session ID: 4f998585-f048-41ad-893a-b86293009aa6
*** Element info: {Using=id, value=io.selendroid.testapp:id/my_text_field}">
      <![CDATA[org.openqa.selenium.NoSuchElementException: An element could not be located on the page using the given search parameters. (WARNING: The server did not provide any stacktrace information)
Command duration or timeout: 5.64 seconds
For documentation on this error, please visit: http://seleniumhq.org/exceptions/no_such_element.html
Build info: version: '2.53.1', revision: 'a36b8b1cd5757287168e54b817830adce9b0158d', time: '2016-06-30 19:26:09'
System info: host: 'GauravA-LPTP', ip: '192.168.48.2', os.name: 'Windows 10', os.arch: 'amd64', os.version: '10.0', java.version: '1.8.0_201'
Driver info: org.openqa.selenium.remote.RemoteWebDriver
Capabilities [{appPackage=io.selendroid.testapp, deviceScreenSize=720x1280, networkConnectionEnabled=true, warnings={}, databaseEnabled=false, deviceName=ZW222285ZK, platform=LINUX, deviceUDID=ZW222285ZK, appActivity=.HomeScreenActivity, desired={appPackage=io.selendroid.testapp, appActivity=.HomeScreenActivity, platformVersion=7.0, browserName=, platformName=Android, deviceName=ANDR_EMU}, platformVersion=7.0, webStorageEnabled=false, locationContextEnabled=false, takesScreenshot=true, browserName=, javascriptEnabled=true, deviceModel=Moto C Plus, platformName=Android, deviceManufacturer=motorola}]
Session ID: 4f998585-f048-41ad-893a-b86293009aa6
*** Element info: {Using=id, value=io.selendroid.testapp:id/my_text_field}
at org.openqa.selenium.remote.ErrorHandler.createThrowable(ErrorHandler.java:206)
at org.openqa.selenium.remote.ErrorHandler.throwIfResponseFailed(ErrorHandler.java:158)
at org.openqa.selenium.remote.RemoteWebDriver.execute(RemoteWebDriver.java:678)
at org.openqa.selenium.remote.RemoteWebDriver.findElement(RemoteWebDriver.java:363)
at org.openqa.selenium.remote.RemoteWebDriver.findElementById(RemoteWebDriver.java:413)
at org.openqa.selenium.By$ById.findElement(By.java:218)
at org.openqa.selenium.remote.RemoteWebDriver.findElement(RemoteWebDriver.java:355)
at testcases.EnterDataInTextBoxHomePageTest.enterDataInTextBoxATHomePage(EnterDataInTextBoxHomePageTest.java:17)
... Removed 29 stack frames]]>
    </failure>
  </testcase> <!-- enterDataInTextBoxATHomePage -->
  <testcase name="enterDataInTextBoxATHomePage" time="17.355" classname="testcases.EnterDataInTextBoxHomePageTest"/>
  <testcase name="enterDataInTextBoxATHomePage" time="5.119" classname="testcases.EnterDataInTextBoxHomePageTest">
    <failure type="org.openqa.selenium.NoSuchElementException" message="An element could not be located on the page using the given search parameters. (WARNING: The server did not provide any stacktrace information)
Command duration or timeout: 5.12 seconds
For documentation on this error, please visit: http://seleniumhq.org/exceptions/no_such_element.html
Build info: version: &amp;apos;2.53.1&amp;apos;, revision: &amp;apos;a36b8b1cd5757287168e54b817830adce9b0158d&amp;apos;, time: &amp;apos;2016-06-30 19:26:09&amp;apos;
System info: host: &amp;apos;GauravA-LPTP&amp;apos;, ip: &amp;apos;192.168.48.2&amp;apos;, os.name: &amp;apos;Windows 10&amp;apos;, os.arch: &amp;apos;amd64&amp;apos;, os.version: &amp;apos;10.0&amp;apos;, java.version: &amp;apos;1.8.0_201&amp;apos;
Driver info: org.openqa.selenium.remote.RemoteWebDriver
Capabilities [{appPackage=io.selendroid.testapp, deviceScreenSize=720x1280, networkConnectionEnabled=true, warnings={}, databaseEnabled=false, deviceName=ZW222285ZK, platform=LINUX, deviceUDID=ZW222285ZK, appActivity=.HomeScreenActivity, desired={appPackage=io.selendroid.testapp, appActivity=.HomeScreenActivity, platformVersion=7.0, browserName=, platformName=Android, deviceName=ANDR_EMU}, platformVersion=7.0, webStorageEnabled=false, locationContextEnabled=false, takesScreenshot=true, browserName=, javascriptEnabled=true, deviceModel=Moto C Plus, platformName=Android, deviceManufacturer=motorola}]
Session ID: 4f998585-f048-41ad-893a-b86293009aa6
*** Element info: {Using=id, value=io.selendroid.testapp:id/my_text_field}">
      <![CDATA[org.openqa.selenium.NoSuchElementException: An element could not be located on the page using the given search parameters. (WARNING: The server did not provide any stacktrace information)
Command duration or timeout: 5.12 seconds
For documentation on this error, please visit: http://seleniumhq.org/exceptions/no_such_element.html
Build info: version: '2.53.1', revision: 'a36b8b1cd5757287168e54b817830adce9b0158d', time: '2016-06-30 19:26:09'
System info: host: 'GauravA-LPTP', ip: '192.168.48.2', os.name: 'Windows 10', os.arch: 'amd64', os.version: '10.0', java.version: '1.8.0_201'
Driver info: org.openqa.selenium.remote.RemoteWebDriver
Capabilities [{appPackage=io.selendroid.testapp, deviceScreenSize=720x1280, networkConnectionEnabled=true, warnings={}, databaseEnabled=false, deviceName=ZW222285ZK, platform=LINUX, deviceUDID=ZW222285ZK, appActivity=.HomeScreenActivity, desired={appPackage=io.selendroid.testapp, appActivity=.HomeScreenActivity, platformVersion=7.0, browserName=, platformName=Android, deviceName=ANDR_EMU}, platformVersion=7.0, webStorageEnabled=false, locationContextEnabled=false, takesScreenshot=true, browserName=, javascriptEnabled=true, deviceModel=Moto C Plus, platformName=Android, deviceManufacturer=motorola}]
Session ID: 4f998585-f048-41ad-893a-b86293009aa6
*** Element info: {Using=id, value=io.selendroid.testapp:id/my_text_field}
at org.openqa.selenium.remote.ErrorHandler.createThrowable(ErrorHandler.java:206)
at org.openqa.selenium.remote.ErrorHandler.throwIfResponseFailed(ErrorHandler.java:158)
at org.openqa.selenium.remote.RemoteWebDriver.execute(RemoteWebDriver.java:678)
at org.openqa.selenium.remote.RemoteWebDriver.findElement(RemoteWebDriver.java:363)
at org.openqa.selenium.remote.RemoteWebDriver.findElementById(RemoteWebDriver.java:413)
at org.openqa.selenium.By$ById.findElement(By.java:218)
at org.openqa.selenium.remote.RemoteWebDriver.findElement(RemoteWebDriver.java:355)
at testcases.EnterDataInTextBoxHomePageTest.enterDataInTextBoxATHomePage(EnterDataInTextBoxHomePageTest.java:17)
... Removed 29 stack frames]]>
    </failure>
  </testcase> <!-- enterDataInTextBoxATHomePage -->
</testsuite> <!-- Enter Data in TextBox at HomePage Test -->
