<?xml version="1.0" encoding="UTF-8"?>
<!-- Generated by org.testng.reporters.JUnitXMLReporter -->
<testsuite hostname="GauravA-LPTP" ignored="0" name="Enter Data in TextBox at HomePage(failed)" tests="3" failures="2" timestamp="05 May 2019 14:18:51 GMT" time="24.944" errors="0">
  <testcase name="enterDataInTextBoxATHomePage" time="14.526" classname="testcases.EnterDataInTextBoxHomePageTest"/>
  <testcase name="enterDataInTextBoxATHomePage" time="5.031" classname="testcases.EnterDataInTextBoxHomePageTest">
    <failure type="org.openqa.selenium.NoSuchElementException" message="An element could not be located on the page using the given search parameters. (WARNING: The server did not provide any stacktrace information)
Command duration or timeout: 5.02 seconds
For documentation on this error, please visit: http://seleniumhq.org/exceptions/no_such_element.html
Build info: version: &amp;apos;2.53.1&amp;apos;, revision: &amp;apos;a36b8b1cd5757287168e54b817830adce9b0158d&amp;apos;, time: &amp;apos;2016-06-30 19:26:09&amp;apos;
System info: host: &amp;apos;GauravA-LPTP&amp;apos;, ip: &amp;apos;192.168.48.2&amp;apos;, os.name: &amp;apos;Windows 10&amp;apos;, os.arch: &amp;apos;amd64&amp;apos;, os.version: &amp;apos;10.0&amp;apos;, java.version: &amp;apos;1.8.0_201&amp;apos;
Driver info: org.openqa.selenium.remote.RemoteWebDriver
Capabilities [{appPackage=io.selendroid.testapp, deviceScreenSize=720x1280, networkConnectionEnabled=true, warnings={}, databaseEnabled=false, deviceName=ZW222285ZK, platform=LINUX, deviceUDID=ZW222285ZK, appActivity=.HomeScreenActivity, desired={appPackage=io.selendroid.testapp, appActivity=.HomeScreenActivity, platformVersion=7.0, browserName=, platformName=Android, deviceName=ANDR_EMU}, platformVersion=7.0, webStorageEnabled=false, locationContextEnabled=false, takesScreenshot=true, browserName=, javascriptEnabled=true, deviceModel=Moto C Plus, platformName=Android, deviceManufacturer=motorola}]
Session ID: 8f243a14-4400-42d4-b9a0-d7b0a2b68b18
*** Element info: {Using=id, value=io.selendroid.testapp:id/my_text_field}">
      <![CDATA[org.openqa.selenium.NoSuchElementException: An element could not be located on the page using the given search parameters. (WARNING: The server did not provide any stacktrace information)
Command duration or timeout: 5.02 seconds
For documentation on this error, please visit: http://seleniumhq.org/exceptions/no_such_element.html
Build info: version: '2.53.1', revision: 'a36b8b1cd5757287168e54b817830adce9b0158d', time: '2016-06-30 19:26:09'
System info: host: 'GauravA-LPTP', ip: '192.168.48.2', os.name: 'Windows 10', os.arch: 'amd64', os.version: '10.0', java.version: '1.8.0_201'
Driver info: org.openqa.selenium.remote.RemoteWebDriver
Capabilities [{appPackage=io.selendroid.testapp, deviceScreenSize=720x1280, networkConnectionEnabled=true, warnings={}, databaseEnabled=false, deviceName=ZW222285ZK, platform=LINUX, deviceUDID=ZW222285ZK, appActivity=.HomeScreenActivity, desired={appPackage=io.selendroid.testapp, appActivity=.HomeScreenActivity, platformVersion=7.0, browserName=, platformName=Android, deviceName=ANDR_EMU}, platformVersion=7.0, webStorageEnabled=false, locationContextEnabled=false, takesScreenshot=true, browserName=, javascriptEnabled=true, deviceModel=Moto C Plus, platformName=Android, deviceManufacturer=motorola}]
Session ID: 8f243a14-4400-42d4-b9a0-d7b0a2b68b18
*** Element info: {Using=id, value=io.selendroid.testapp:id/my_text_field}
at org.openqa.selenium.remote.ErrorHandler.createThrowable(ErrorHandler.java:206)
at org.openqa.selenium.remote.ErrorHandler.throwIfResponseFailed(ErrorHandler.java:158)
at org.openqa.selenium.remote.RemoteWebDriver.execute(RemoteWebDriver.java:678)
at org.openqa.selenium.remote.RemoteWebDriver.findElement(RemoteWebDriver.java:363)
at org.openqa.selenium.remote.RemoteWebDriver.findElementById(RemoteWebDriver.java:413)
at org.openqa.selenium.By$ById.findElement(By.java:218)
at org.openqa.selenium.remote.RemoteWebDriver.findElement(RemoteWebDriver.java:355)
at testcases.EnterDataInTextBoxHomePageTest.enterDataInTextBoxATHomePage(EnterDataInTextBoxHomePageTest.java:17)
... Removed 29 stack frames]]>
    </failure>
  </testcase> <!-- enterDataInTextBoxATHomePage -->
  <testcase name="enterDataInTextBoxATHomePage" time="5.325" classname="testcases.EnterDataInTextBoxHomePageTest">
    <failure type="org.openqa.selenium.NoSuchElementException" message="An element could not be located on the page using the given search parameters. (WARNING: The server did not provide any stacktrace information)
Command duration or timeout: 5.32 seconds
For documentation on this error, please visit: http://seleniumhq.org/exceptions/no_such_element.html
Build info: version: &amp;apos;2.53.1&amp;apos;, revision: &amp;apos;a36b8b1cd5757287168e54b817830adce9b0158d&amp;apos;, time: &amp;apos;2016-06-30 19:26:09&amp;apos;
System info: host: &amp;apos;GauravA-LPTP&amp;apos;, ip: &amp;apos;192.168.48.2&amp;apos;, os.name: &amp;apos;Windows 10&amp;apos;, os.arch: &amp;apos;amd64&amp;apos;, os.version: &amp;apos;10.0&amp;apos;, java.version: &amp;apos;1.8.0_201&amp;apos;
Driver info: org.openqa.selenium.remote.RemoteWebDriver
Capabilities [{appPackage=io.selendroid.testapp, deviceScreenSize=720x1280, networkConnectionEnabled=true, warnings={}, databaseEnabled=false, deviceName=ZW222285ZK, platform=LINUX, deviceUDID=ZW222285ZK, appActivity=.HomeScreenActivity, desired={appPackage=io.selendroid.testapp, appActivity=.HomeScreenActivity, platformVersion=7.0, browserName=, platformName=Android, deviceName=ANDR_EMU}, platformVersion=7.0, webStorageEnabled=false, locationContextEnabled=false, takesScreenshot=true, browserName=, javascriptEnabled=true, deviceModel=Moto C Plus, platformName=Android, deviceManufacturer=motorola}]
Session ID: 8f243a14-4400-42d4-b9a0-d7b0a2b68b18
*** Element info: {Using=id, value=io.selendroid.testapp:id/my_text_field}">
      <![CDATA[org.openqa.selenium.NoSuchElementException: An element could not be located on the page using the given search parameters. (WARNING: The server did not provide any stacktrace information)
Command duration or timeout: 5.32 seconds
For documentation on this error, please visit: http://seleniumhq.org/exceptions/no_such_element.html
Build info: version: '2.53.1', revision: 'a36b8b1cd5757287168e54b817830adce9b0158d', time: '2016-06-30 19:26:09'
System info: host: 'GauravA-LPTP', ip: '192.168.48.2', os.name: 'Windows 10', os.arch: 'amd64', os.version: '10.0', java.version: '1.8.0_201'
Driver info: org.openqa.selenium.remote.RemoteWebDriver
Capabilities [{appPackage=io.selendroid.testapp, deviceScreenSize=720x1280, networkConnectionEnabled=true, warnings={}, databaseEnabled=false, deviceName=ZW222285ZK, platform=LINUX, deviceUDID=ZW222285ZK, appActivity=.HomeScreenActivity, desired={appPackage=io.selendroid.testapp, appActivity=.HomeScreenActivity, platformVersion=7.0, browserName=, platformName=Android, deviceName=ANDR_EMU}, platformVersion=7.0, webStorageEnabled=false, locationContextEnabled=false, takesScreenshot=true, browserName=, javascriptEnabled=true, deviceModel=Moto C Plus, platformName=Android, deviceManufacturer=motorola}]
Session ID: 8f243a14-4400-42d4-b9a0-d7b0a2b68b18
*** Element info: {Using=id, value=io.selendroid.testapp:id/my_text_field}
at org.openqa.selenium.remote.ErrorHandler.createThrowable(ErrorHandler.java:206)
at org.openqa.selenium.remote.ErrorHandler.throwIfResponseFailed(ErrorHandler.java:158)
at org.openqa.selenium.remote.RemoteWebDriver.execute(RemoteWebDriver.java:678)
at org.openqa.selenium.remote.RemoteWebDriver.findElement(RemoteWebDriver.java:363)
at org.openqa.selenium.remote.RemoteWebDriver.findElementById(RemoteWebDriver.java:413)
at org.openqa.selenium.By$ById.findElement(By.java:218)
at org.openqa.selenium.remote.RemoteWebDriver.findElement(RemoteWebDriver.java:355)
at testcases.EnterDataInTextBoxHomePageTest.enterDataInTextBoxATHomePage(EnterDataInTextBoxHomePageTest.java:17)
... Removed 29 stack frames]]>
    </failure>
  </testcase> <!-- enterDataInTextBoxATHomePage -->
</testsuite> <!-- Enter Data in TextBox at HomePage(failed) -->
