<?xml version="1.0" encoding="UTF-8"?>
<testng-results skipped="0" failed="0" ignored="0" total="1" passed="1">
  <reporter-output>
  </reporter-output>
  <suite name="Default suite" duration-ms="4046" started-at="2019-05-05T17:08:05Z" finished-at="2019-05-05T17:08:09Z">
    <groups>
    </groups>
    <test name="Default test" duration-ms="4046" started-at="2019-05-05T17:08:05Z" finished-at="2019-05-05T17:08:09Z">
      <class name="testcases.DisplayToastMessageTest">
        <test-method status="PASS" signature="setUp()[pri:0, instance:testcases.DisplayToastMessageTest@4e3958e7]" name="setUp" is-config="true" duration-ms="15005" started-at="2019-05-05T17:07:50Z" finished-at="2019-05-05T17:08:05Z">
          <reporter-output>
          </reporter-output>
        </test-method> <!-- setUp -->
        <test-method status="PASS" signature="tostMessage()[pri:4, instance:testcases.DisplayToastMessageTest@4e3958e7]" name="tostMessage" duration-ms="4022" started-at="2019-05-05T17:08:05Z" finished-at="2019-05-05T17:08:09Z">
          <reporter-output>
          </reporter-output>
        </test-method> <!-- tostMessage -->
        <test-method status="PASS" signature="tearDown()[pri:0, instance:testcases.DisplayToastMessageTest@4e3958e7]" name="tearDown" is-config="true" duration-ms="5357" started-at="2019-05-05T17:08:09Z" finished-at="2019-05-05T17:08:15Z">
          <reporter-output>
          </reporter-output>
        </test-method> <!-- tearDown -->
      </class> <!-- testcases.DisplayToastMessageTest -->
    </test> <!-- Default test -->
  </suite> <!-- Default suite -->
</testng-results>
